    1  ssh eric@172.31.197.164
    2  ping 172.31.197.164
    3  passwd students
    4  passwd
    5  cd ~/Desktop
    6  ssh login@172.31.197.164
    7  ssh eric@172.31.197.164
    8  cd ~/Desktop
    9  ssh login@172.31.197.164
   10  ping www.github.com
   11  wget www.github.com
   12  cd ~/Desktop
   13  cd ~\Desktop
   14  cd Desktop
   15  -bash: cd: ~Desktop: No such file or directory
   16  ls
   17  cd ~/Desktop
   18  ssh eric@172.31.197.164
   19  cd ~/Desktop
   20  pwd
   21  cd ~/Users
   22  cd /c/Users/Eric Van/Desktop
   23  cd /c/Users/Eric Van
   24  cd /c/Users/Eric_Van
   25  cd ~/Desktop
   26  echo $HOME
   27  cd
   28  ls
   29  cd ~/Desktop
   30  ssh eric@172.31.197.164
   31  cd ~/Desktop
   32  cd /Desktop
   33  cd ~/desktop
   34  wget https://s3.amazonaws.com/amazon-reviews-pds/tsv/amazon_reviews_us_Books_v1_02.tsv.gz
   35  cd ~/Desktop
   36  ls
   37  cd Eric Van/Desktop
   38  cd \Desktop
   39  cd ~\Desktop
   40  cd \Users\Eric Van\Desktop
   41  cd C:\Users\Eric_Van\Desktop
   42  cd C:/Users/Eric Van/Desktop
   43  cd C:Users_Eric_Van/Desktop
   44  cd C:/Users/Eric_Van/Desktop
   45  pwd
   46  cd ~/Desktop
   47  cd ~\Desktop
   48  insights-client --register
   49  ssh eric@172.31.197.164
   50  ls
   51  pwd
   52  cd ~/Desktop
   53  -a
   54  ~ cd /
   55  cd /Desktop
   56  cd \Desktop
   57  cd ~\Desktop
   58  cd c:\Users\Eric_Van\Desktop
   59  cd ~\Eric Van\Desktop
   60  cd ~/Desktop
   61  ls
   62  gunzip amazon_reviews_us_Books_v1_02.tsv.gz 
   63  ls -altr amazon_reviews_us_Books_v1_02.tsv 
   64  head amazon_reviews_us_Books_v1_02.tsv 
   65  grep verified amazon_reviews_us_Books_v1_02.tsv 
   66  grep unverified amazon_reviews_us_Books_v1_02.tsv 
   67  wc -l amazon_reviews_us_Books_v1_02.tsv 
   68  wc -w amazon_reviews_us_Books_v1_02.tsv 
   69  grep -wc -l verified amazon_reviews_us_Books_v1_02.tsv 
   70  grep -wc -l "verified" amazon_reviews_us_Books_v1_02.tsv 
   71  grep verified amazon_reviews_us_Books_v1_02.tsv 
   72  wc -l amazon_reviews_us_Books_v1_02.tsv 
   73  wc -1 amazon_reviews_us_Books_v1_02.tsv | grep verified
   74  wc --help
   75  grep -o 'verified' amazon_reviews_us_Books_v1_02.tsv | wc -l
   76  grep -o 'unverified' amazon_reviews_us_Books_v1_02.tsv | wc -l
   77  grep -w 'verified' amazon_reviews_us_Books_v1_02.tsv | wc -l
   78  grep -w 'unverified' amazon_reviews_us_Books_v1_02.tsv | wc -l
   79  grep -o 'verified' amazon_reviews_us_Books_v1_02.tsv | wc -l > amazon_veri.txt
   80  less amazon_veri.txt
   81  ls
   82  pwd
   83  mkdir CS131
   84  ls
   85  cd ~/CS131
   86  rm amazon_veri.txt
   87  pwd
   88  gunzip amazon_reviews_us_Books_v1_02.tsv
   89  wget https://s3.amazonaws.com/amazon-reviews-pds/tsv/amazon_reviews_us_Books_v1_02.tsv.gz
   90  gunzip amazon_reviews_us_Books_v1_02.tsv.gz 
   91  grep verified amazon_reviews_us_Books_v1_02.tsv 
   92  grep unverified amazon_reviews_us_Books_v1_02.tsv 
   93  grep -o 'verified' amazon_reviews_us_Books_v1_02.tsv 
   94  grep -o 'verified' amazon_reviews_us_Books_v1_02.tsv | wc -l
   95  grep -o 'unverified' amazon_reviews_us_Books_v1_02.tsv | wc -l
   96  grep -o 'verified' amazon_reviews_us_Books_v1_02.tsv | wc -l >>counts.txt
   97  cat counts.txt
   98  grep -o 'unverified' amazon_reviews_us_Books_v1_02.tsv | wc -l
   99  grep -o 'unverified' amazon_reviews_us_Books_v1_02.tsv | wc -l >> counts.txt
  100  cat counts.txt
  101  vi counts.txt
  102  cat counts.txt
  103  grep -o 'verified' amazon_reviews_us_Books_v1_02.tsv | wc -w
  104  grep -o 'unverified' amazon_reviews_us_Books_v1_02.tsv | wc -w
  105  grep -c 'verified' amazon_reviews_us_Books_v1_02.tsv | wc -l
  106  grep -c 'verified' amazon_reviews_us_Books_v1_02.tsv | wc -w
  107  grep -o 'verified' amazon_reviews_us_Books_v1_02.tsv | wc -w
  108  grep -o -i verified amazon_reviews_us_Books_v1_02.tsv | wc -l
  109  grep -c -i verified amazon_reviews_us_Books_v1_02.tsv | wc -l
  110  grep -c verified amazon_reviews_us_Books_v1_02.tsv | wc -l
  111  grep -c unverified amazon_reviews_us_Books_v1_02.tsv | wc -l
  112  grep -c -i unverified amazon_reviews_us_Books_v1_02.tsv | wc -l
  113  grep -o 'verified' amazon_reviews_us_Books_v1_02.tsv | wc -l
  114  grep -o -i unverified amazon_reviews_us_Books_v1_02.tsv | wc -l
  115  grep -o -i 'verified' amazon_reviews_us_Books_v1_02.tsv | wc -w
  116  grep -o -i unverified amazon_reviews_us_Books_v1_02.tsv | wc -w
  117  cat counts.txt
  118  grep -o -i verified amazon_reviews_us_Books_v1_02.tsv | wc -l
  119  grep -o -i verified amazon_reviews_us_Books_v1_02.tsv | wc -w
  120  grep -o -i 'verified' amazon_reviews_us_Books_v1_02.tsv | wc -w
  121  grep -o 'verified' amazon_reviews_us_Books_v1_02.tsv | wc -l
  122  grep -o verified amazon_reviews_us_Books_v1_02.tsv | wc -l
  123  grep -o verified amazon_reviews_us_Books_v1_02.tsv | wc -w
  124  grep -o unverified amazon_reviews_us_Books_v1_02.tsv | wc -l
  125  grep -o unverified amazon_reviews_us_Books_v1_02.tsv | wc -w
  126  grep -o 'verified' amazon_reviews_us_Books_v1_02.tsv | wc -w
  127  grep -o 'verified' amazon_reviews_us_Books_v1_02.tsv | wc -l
  128  grep -c 'verified' amazon_reviews_us_Books_v1_02.tsv | wc -l
  129  grep -c verified amazon_reviews_us_Books_v1_02.tsv | wc -l
  130  grep -c verified amazon_reviews_us_Books_v1_02.tsv | wc -w
  131  grep -c 
  132  grep -c 'verified' amazon_reviews_us_Books_v1_02.tsv 
  133  grep -c 'unverified' amazon_reviews_us_Books_v1_02.tsv 
  134  grep -o 'verified' amazon_reviews_us_Books_v1_02.tsv | wc -l
  135  grep -o 'verified' amazon_reviews_us_Books_v1_02.tsv | wc -l > counts.txt
  136  cat counts.txt
  137  grep -o 'unverified' amazon_reviews_us_Books_v1_02.tsv | wc -l >> counts.txt
  138  grep -c 'verified' amazon_reviews_us_Books_v1_02.tsv 
  139  grep -c 'verified' amazon_reviews_us_Books_v1_02.tsv  >> counts.txt
  140  grep -c 'unverified' amazon_reviews_us_Books_v1_02.tsv  >> counts.txt
  141  cat counts.txt
  142  vi counts.txt
  143  cat counts.txt
  144  history
  145  history > cmds.log
  146  git init
  147  git commit -m "First commit"
  148  git branch -M main
  149  git remote add origin https://github.com/Yiralle/ws2.git
  150  git push -u origin main
  151  git add .
  152  git push -f origin main
  153  git remote add origin https://github.com/Yiralle/ws2.git
  154  git push -u origin main
  155  git push -u origin master
  156  git push -f origin master
  157  git remote remove origin
  158  git init
  159  git add .
  160  testing
  161  git commit -m "First commit"
  162  git remote add origin https://github.com/Yiralle/ws2.git
  163  git remote -v
  164  git push origin main
  165  git push -u origin main
  166  git push -f origin main
  167  git push -u origin master
  168  git commit -m "First commit"
  169  git config --global user.email "eric.van@sjsu.edu"
  170  git config --global user.name "Eric Van"
  171  git commit -m "First commit"
  172  git push -u origin master
  173  git push -u origin main
  174  git push -f origin master
  175  git push -u origin main
  176  git push -
  177  git push -u origin main
  178  pwd
  179  ls
  180  rm amazon_reviews_us_Books_v1_02.tsv 
  181  ls
  182  git add .
  183  git commit -m "First commit"
  184  git push -u origin main
  185  pwd
  186  ls
  187  git remote -v
  188  git add .
  189  git commit -m "First commit"
  190  git init
  191  git add .
  192  git commit -m "First commit"
  193  git branch -M main
  194  git push -u origin main
  195  cd ~/home
  196  cd ~/eric
  197  cd /
  198  pwd
  199  ls
  200  cd /home
  201  ls
  202  cd /home/eric
  203  ls
  204  rm amazon_veri.txt
  205  rm amazon_reviews_us_Books_v1_02.tsv 
  206  ls
  207  cd /home/eric/CS131
  208  ls
  209  git init
  210  git commit -m "first commit"
  211  git branch -M main
  212  git push -u origin main
  213  git status
  214  git reset HEAD ~1
  215  git reset HEAD ~2
  216  git rgit status
  217  git status
  218  git remote remove origin
  219  git remote -v
  220  ls
  221  git init
  222  git add .
  223  git commit -m "First commit"
  224  git branch -M main
  225  git remote add origin https://github.com/Yiralle/ws2.git
  226  git push -u origin main
  227  git status
  228  cd ~/CS131
  229  ls
  230  git init
  231  git add .
  232  git commit -m "First commit"
  233  git branch -M main
  234  git remote add origin https://github.com/Yiralle/ws2.git
  235  git push -u origin main
  236  git commit --amend
  237  git rm --cached amazon_reviews_us_Books_v1_02.tsv
  238  git commit --amend -C HEAD
  239  git push -u origin main
  240  git log --oneline
  241  git rebase -i e96ae41
  242  git push origin --force --all
  243  git reset origin/master
  244  git log --oneline
  245  git revert HEAD
  246  pwd
  247  /ls
  248  ls
  249  cd ~/CS131
  250  ls
  251  git init
  252  git status
  253  git init
  254  git commit -m "testing commit"
  255  git remote add origin https://github.com/Yiralle/ws_2.git
  256  git remote remove origin
  257  git remote add origin https://github.com/Yiralle/ws_2.git
  258  git push -u origin main
  259  git reset --soft HEAD~1
  260  git -m commit 
  261  git -m commit "please work"
  262  git commit -m "please work"
  263  git push -u origin main
  264  git log --all -- 'large_file'
  265  git log
  266  git log --all --full-history -- "**/large_file"
  267  git push origin HEAD --force
  268  git push -origin HEAD --force
  269  git log
  270  git filter-branch --index-filter 'git rm -r --cached --ignore-unmatch </CS131>' HEAD
  271  git log
  272  git status
  273  ls
  274  git checkout --orphan temp_branch
  275  ls
  276  rm CS131
  277  rm -f CS131
  278  rmdir CS131
  279  rmdir -f CS131
  280  history
  281  rmdir -r CS131
  282  rm -r CS131
  283  ls
  284  pw
  285  pwd
  286  rm CS131
  287  cd ~/CS131
  288  ls
  289  pwd
  290  ls
  291  pwd
  292  ls
  293  wget    https://s3.amazonaws.com/amazon-reviews-pds/tsv/amazon_reviews_us_Books_v1_02.tsv.gz
  294  ls
  295  gunzip amazon_reviews_us_Books_v1_02.tsv.gz 
  296  grep -o 'verified' amazon_reviews_us_Books_v1_02.tsv | wc -l
  297  grep -o 'unverified' amazon_reviews_us_Books_v1_02.tsv | wc -l
  298  grep -c 'verified' amazon_reviews_us_Books_v1_02.tsv 
  299  grep -c 'unverified' amazon_reviews_us_Books_v1_02.tsv 
  300  grep -o 'verified' amazon_reviews_us_Books_v1_02.tsv | wc -l > counts.txt
  301  grep -o 'unverified' amazon_reviews_us_Books_v1_02.tsv | wc -l >> counts.txt
  302  grep -c 'verified' amazon_reviews_us_Books_v1_02.tsv >> counts.txt
  303  grep -c 'unverified' amazon_reviews_us_Books_v1_02.tsv >> counts.txt
  304  cat counts.txt
  305  vi counts.txt
  306  cat counts.txt
  307  history > cmds.log
  308  ls
  309  rm amazon_reviews_us_Books_v1_02.tsv 
  310  ls
  311  git init
  312  git commit -m "This is first commit"
  313  git add .
  314  git commit -m "This is first commit"
  315  git log
  316  git remote add origin https://github.com/Yiralle_ws_2.git
  317  git push -u origin main
  318  git push -f origin master
  319  git push -u origin main
  320  git remote add origin https://github.com/Yiralle_ws_2.git
  321  git remote rm origin
  322  git remote add origin https://github.com/Yiralle/ws_2.git
  323  git push -u origin main
  324  git push -f origin master
  325  pwd
  326  mkdir ws1
  327  cd ws1
  328  pwd
  329  rm ws1
  330  rmdir ws1
  331  rm -d ws1
  332  rmdir -d ws1
  333  rm -d ws1
  334  .
  335  rm -d ws1
  336  rm -d /home/eric/ws1
  337  pw
  338  pwd
  339  ls
  340  mkdir ws2
  341  cd ws2
  342  wget https://s3.amazonaws.com/amazon-reviews-pds/tsv/amazon_reviews_us_Books_v1_02.tsv.gz
  343  gunzip amazon_reviews_us_Books_v1_02.tsv.gz 
  344  cat amazon_reviews_us_Books_v1_02.tsv 
  345  grep -o '\tY\t'
  346  grep -o '\tY\t' amazon_reviews_us_Books_v1_02.tsv 
  347  grep -o '\tY\t' amazon_reviews_us_Books_v1_02.tsv | wc -l
  348  grep -o "\tY\t" amazon_reviews_us_Books_v1_02.tsv | wc -l
  349  grep -c "\tY\t" amazon_reviews_us_Books_v1_02.tsv | wc -l
  350  grep $"\tY\t" amazon_reviews_us_Books_v1_02.tsv | wc -l
  351  grep $'\tY\t' amazon_reviews_us_Books_v1_02.tsv
  352  grep $'\tY\t' amazon_reviews_us_Books_v1_02.tsv | ws -l
  353  grep $'\tY\t' amazon_reviews_us_Books_v1_02.tsv | wc -l
  354  grep $'\tN\t' amazon_reviews_us_Books_v1_02.tsv | wc -l
  355  grep $'\tN\t' amazon_reviews_us_Books_v1_02.tsv | wc -w
  356  grep $'\tY\t' amazon_reviews_us_Books_v1_02.tsv | wc -w
  357  grep $'\tY\t' amazon_reviews_us_Books_v1_02.tsv | ws -l > counts.txt
  358  grep $'\tY\t' amazon_reviews_us_Books_v1_02.tsv | wc -l > counts.txt
  359  grep $'\tN\t' amazon_reviews_us_Books_v1_02.tsv | wc -l >> counts.txt
  360  grep $'\tY\t' amazon_reviews_us_Books_v1_02.tsv | wc -w > counts.txt
  361  grep $'\tN\t' amazon_reviews_us_Books_v1_02.tsv | wc -w > counts.txt
  362  cat counts.txt
  363  grep $'\tY\t' amazon_reviews_us_Books_v1_02.tsv | wc -l > counts.txt
  364  grep $'\tN\t' amazon_reviews_us_Books_v1_02.tsv | wc -l >> counts.txt
  365  grep $'\tY\t' amazon_reviews_us_Books_v1_02.tsv | wc -w >> counts.txt
  366  grep $'\tN\t' amazon_reviews_us_Books_v1_02.tsv | wc -w >> counts.txt
  367  cat counts.txt
  368  vi counts.txt
  369  cat counts.txt
  370  history > cmds.log
